date: 2022-11-08 23:07:36.386273 | function: get_full_name_list | args: ('Усольцев Олег Валентинович', nan, nan) | kwargs: {} | result: ['Усольцев', 'Олег', 'Валентинович']
date: 2022-11-08 23:07:36.389272 | function: update_phone | args: ('+7 (495) 913-04-78',) | kwargs: {} | result: +7(495)913-04-78
date: 2022-11-08 23:07:36.390272 | function: get_full_name_list | args: ('Мартиняхин Виталий Геннадьевич', nan, nan) | kwargs: {} | result: ['Мартиняхин', 'Виталий', 'Геннадьевич']
date: 2022-11-08 23:07:36.390272 | function: update_phone | args: ('+74959130037',) | kwargs: {} | result: +7(495)913-00-37
date: 2022-11-08 23:07:36.395302 | function: get_full_name_list | args: ('Наркаев', 'Вячеслав Рифхатович', nan) | kwargs: {} | result: ['Наркаев', 'Вячеслав', 'Рифхатович']
date: 2022-11-08 23:07:36.396272 | function: update_phone | args: ('8 495-913-0168',) | kwargs: {} | result: +7(495)913-01-68
date: 2022-11-08 23:07:36.396272 | function: get_full_name_list | args: ('Мартиняхин', 'Виталий', 'Геннадьевич') | kwargs: {} | result: ['Мартиняхин', 'Виталий', 'Геннадьевич']
date: 2022-11-08 23:07:36.396272 | function: update_phone | args: (nan,) | kwargs: {} | result: nan
date: 2022-11-08 23:07:36.398275 | function: merge_rows | args: (                       lastname firstname  ...                           phone                     email
0                      Усольцев      Олег  ...                +7(495)913-04-78         opendata@nalog.ru
1                    Мартиняхин   Виталий  ...                +7(495)913-00-37                       NaN
2                       Наркаев  Вячеслав  ...                +7(495)913-01-68                       NaN
4     Лукина Ольга Владимировна       NaN  ...    +7 (495) 983-36-99 доб. 2926     Olga.Lukina@minfin.ru
5  Паньшин Алексей Владимирович       NaN  ...                 8(495)748-49-73            1248@minfin.ru
6      Лагунцов Иван Алексеевич       NaN  ...  +7 (495) 913-11-11 (доб. 0792)                       NaN
7                 Лагунцов Иван       NaN  ...                             NaN  Ivan.Laguntcov@minfin.ru

[7 rows x 7 columns], 1, 3) | kwargs: {} | result: None
date: 2022-11-08 23:07:36.408890 | function: get_full_name_list | args: ('Лукина Ольга Владимировна', nan, nan) | kwargs: {} | result: ['Лукина', 'Ольга', 'Владимировна']
date: 2022-11-08 23:07:36.409855 | function: update_phone | args: ('+7 (495) 983-36-99 доб. 2926',) | kwargs: {} | result: +7(495)983-36-99 доб.2926
date: 2022-11-08 23:07:36.409855 | function: get_full_name_list | args: ('Паньшин Алексей Владимирович', nan, nan) | kwargs: {} | result: ['Паньшин', 'Алексей', 'Владимирович']
date: 2022-11-08 23:07:36.409855 | function: update_phone | args: ('8(495)748-49-73',) | kwargs: {} | result: +7(495)748-49-73
date: 2022-11-08 23:07:36.410854 | function: get_full_name_list | args: ('Лагунцов Иван Алексеевич', nan, nan) | kwargs: {} | result: ['Лагунцов', 'Иван', 'Алексеевич']
date: 2022-11-08 23:07:36.410854 | function: update_phone | args: ('+7 (495) 913-11-11 (доб. 0792)',) | kwargs: {} | result: +7(495)913-11-11 доб.0792
date: 2022-11-08 23:07:36.410854 | function: get_full_name_list | args: ('Лагунцов Иван', nan, nan) | kwargs: {} | result: ['Лагунцов', 'Иван', 'nan']
date: 2022-11-08 23:07:36.411853 | function: update_phone | args: (nan,) | kwargs: {} | result: nan
date: 2022-11-08 23:07:36.411853 | function: merge_rows | args: (     lastname firstname       surname  ...                                           position                      phone                     email
0    Усольцев      Олег  Валентинович  ...  главный специалист – эксперт отдела взаимодейс...           +7(495)913-04-78         opendata@nalog.ru
1  Мартиняхин   Виталий   Геннадьевич  ...  cоветник отдела Интернет проектов Управления и...           +7(495)913-00-37                       NaN
2     Наркаев  Вячеслав    Рифхатович  ...                                                NaN           +7(495)913-01-68                       NaN
4      Лукина     Ольга  Владимировна  ...                                                NaN  +7(495)983-36-99 доб.2926     Olga.Lukina@minfin.ru
5     Паньшин   Алексей  Владимирович  ...                                                NaN           +7(495)748-49-73            1248@minfin.ru
6    Лагунцов      Иван    Алексеевич  ...                                                NaN  +7(495)913-11-11 доб.0792  Ivan.Laguntcov@minfin.ru

[6 rows x 7 columns], 6, 7) | kwargs: {} | result: None
date: 2022-11-08 23:07:36.419854 | function: update_columns | args: (     lastname firstname       surname  ...                                           position                      phone                     email
0    Усольцев      Олег  Валентинович  ...  главный специалист – эксперт отдела взаимодейс...           +7(495)913-04-78         opendata@nalog.ru
1  Мартиняхин   Виталий   Геннадьевич  ...  cоветник отдела Интернет проектов Управления и...           +7(495)913-00-37                       NaN
2     Наркаев  Вячеслав    Рифхатович  ...                                                NaN           +7(495)913-01-68                       NaN
4      Лукина     Ольга  Владимировна  ...                                                NaN  +7(495)983-36-99 доб.2926     Olga.Lukina@minfin.ru
5     Паньшин   Алексей  Владимирович  ...                                                NaN           +7(495)748-49-73            1248@minfin.ru
6    Лагунцов      Иван    Алексеевич  ...                                                NaN  +7(495)913-11-11 доб.0792  Ivan.Laguntcov@minfin.ru

[6 rows x 7 columns],) | kwargs: {} | result:      lastname firstname       surname  ...                                           position                      phone                     email
0    Усольцев      Олег  Валентинович  ...  главный специалист – эксперт отдела взаимодейс...           +7(495)913-04-78         opendata@nalog.ru
1  Мартиняхин   Виталий   Геннадьевич  ...  cоветник отдела Интернет проектов Управления и...           +7(495)913-00-37                       NaN
2     Наркаев  Вячеслав    Рифхатович  ...                                                NaN           +7(495)913-01-68                       NaN
4      Лукина     Ольга  Владимировна  ...                                                NaN  +7(495)983-36-99 доб.2926     Olga.Lukina@minfin.ru
5     Паньшин   Алексей  Владимирович  ...                                                NaN           +7(495)748-49-73            1248@minfin.ru
6    Лагунцов      Иван    Алексеевич  ...                                                NaN  +7(495)913-11-11 доб.0792  Ivan.Laguntcov@minfin.ru

[6 rows x 7 columns]
